<?xml version="1.0" encoding="UTF-8"?>
<!-- Generated by org.testng.reporters.JUnitXMLReporter -->
<testsuite ignored="0" hostname="SachinSathe" failures="0" tests="5" name="Test" time="0.173" errors="0" timestamp="2023-08-08T08:45:55 IST">
  <testcase classname="demo.parameteraizationInTestNG" name="method1" time="0.006"/>
  <testcase classname="demo.parameteraizationInTestNG" name="method2" time="0.001"/>
  <testcase classname="demo.parameteraizationInTestNG" name="method3" time="0.001"/>
  <testcase classname="demo.test2" name="method1" time="0.002"/>
  <testcase classname="demo.test2" name="method2" time="0.001"/>
</testsuite> <!-- Test -->
