<?xml version="1.0" encoding="UTF-8"?>
<testng-results ignored="0" total="1" passed="1" failed="0" skipped="0">
  <reporter-output>
  </reporter-output>
  <suite started-at="2023-08-09T08:47:57 IST" name="Default suite" finished-at="2023-08-09T08:47:57 IST" duration-ms="47">
    <groups>
    </groups>
    <test started-at="2023-08-09T08:47:57 IST" name="Default test" finished-at="2023-08-09T08:47:57 IST" duration-ms="47">
      <class name="demo.assertionINTestNG">
        <test-method signature="method1()[pri:0, instance:demo.assertionINTestNG@2b662a77]" started-at="2023-08-09T08:47:57 IST" name="method1" finished-at="2023-08-09T08:47:57 IST" duration-ms="8" status="PASS">
          <reporter-output>
          </reporter-output>
        </test-method> <!-- method1 -->
      </class> <!-- demo.assertionINTestNG -->
    </test> <!-- Default test -->
  </suite> <!-- Default suite -->
</testng-results>
